<?xml version="1.0" encoding="UTF-8"?>
<!-- Generated by org.testng.reporters.JUnitReportReporter -->
<testsuite hostname="ip-172-24-0-43.ec2.internal" failures="0" tests="1" name="ExecutionClasses.Onetest2" time="22.823" errors="0" timestamp="2021-11-02T12:06:38 GMT" skipped="0">
  <testcase classname="ExecutionClasses.Onetest2" name="NurseUserMYWorkOrdersAndRecords" time="22.823"/>
  <system-out/>
</testsuite> <!-- ExecutionClasses.Onetest2 -->
