<?xml version="1.0" encoding="UTF-8"?>
<!-- Generated by org.testng.reporters.JUnitReportReporter -->
<testsuite hostname="ip-172-24-0-43.ec2.internal" failures="0" tests="1" name="ExecutionClasses.Onetest3" time="196.752" errors="0" timestamp="2021-11-02T13:14:43 GMT" skipped="0">
  <testcase classname="ExecutionClasses.Onetest3" name="AdminUserSubmitRecords" time="196.752"/>
  <system-out/>
</testsuite> <!-- ExecutionClasses.Onetest3 -->
