<?xml version="1.0" encoding="UTF-8"?>
<!-- Generated by org.testng.reporters.JUnitReportReporter -->
<testsuite hostname="ip-172-24-0-43.ec2.internal" failures="0" tests="1" name="ExecutionClasses.Onetest" time="5.753" errors="0" timestamp="2021-11-02T12:02:07 GMT" skipped="0">
  <testcase classname="ExecutionClasses.Onetest" name="AdminUserNewWorkOrder" time="5.753"/>
  <system-out/>
</testsuite> <!-- ExecutionClasses.Onetest -->
